Script started on Thursday 02 October 2025 02:41:50 PM IST
]0;shaswat4657@shaswat4657-VirtualBox: ~shaswat4657@shaswat4657-VirtualBox:~$ cat prime.sh
echo "Enter a number: "
read num
flag=0
for ((i=2; i<=num/2; i++))
do
   if [ $((num % i)) -eq 0]
   then
       flag=1
       break
    fi
done
if [ $flag -eq 0 ]
then
    echo "$num is a prime number."
else
    echo "$num is not a prime number."
fi
]0;shaswat4657@shaswat4657-VirtualBox: ~shaswat4657@shaswat4657-VirtualBox:~$ cat sumofdigits.sh
echo "Enter a number: "
read num
sum=0
while [ $num -gt 0 ]
do
   digit=$((num % 10))
   sum=$((sum + digit))
   num=$((num / 10))
done

echo"Sum of digits: $sum"
]0;shaswat4657@shaswat4657-VirtualBox: ~shaswat4657@shaswat4657-VirtualBox:~$ cat armstrong.sh
echo "enter a number: "
read num
temp=$num
n=${#num} 
sum=0
while [ $temp -gt 0 ]
do
  digit=$((temp % 10))
  sum=$((sum + digit**n))
  temp=$((temp / 10))
done

if [ $sum -eq $num ]
then
    echo "$num is an Armstrong number."
else
    echo "$num is not an Armstrong number."
fi
]0;shaswat4657@shaswat4657-VirtualBox: ~shaswat4657@shaswat4657-VirtualBox:~$ exit
exit

Script done on Thursday 02 October 2025 02:48:46 PM IST
